{"/Volumes/Coding/Projects/Websites/myyoga/frontends/mainsite/app/app.vue": {"path":"/Volumes/Coding/Projects/Websites/myyoga/frontends/mainsite/app/app.vue","statementMap":{"0":{"start":{"line":2,"column":2},"end":{"line":2,"column":null}},"1":{"start":{"line":3,"column":16},"end":{"line":3,"column":null}},"2":{"start":{"line":3,"column":16},"end":{"line":5,"column":null}},"3":{"start":{"line":5,"column":4},"end":{"line":5,"column":null}}},"fnMap":{"0":{"name":"setup","decl":{"start":{"line":14,"column":0},"end":{"line":14,"column":6}},"loc":{"start":{"line":14,"column":28},"end":{"line":14,"column":null}},"line":14},"1":{"name":"(anonymous_1)","decl":{"start":{"line":5,"column":4},"end":{"line":5,"column":null}},"loc":{"start":{"line":5,"column":4},"end":{"line":5,"column":null}},"line":5}},"branchMap":{},"s":{"0":0,"1":0,"2":0,"3":0},"f":{"0":0,"1":0},"b":{},"meta":{"lastBranch":0,"lastFunction":2,"lastStatement":4,"seen":{"f:14:0:14:6":0,"s:2:2:2:Infinity":0,"s:3:16:3:Infinity":1,"s:3:16:5:Infinity":2,"f:5:4:5:Infinity":1,"s:5:4:5:Infinity":3},"fnNames":{}}}
,"/Volumes/Coding/Projects/Websites/myyoga/frontends/mainsite/app/error.vue": {"path":"/Volumes/Coding/Projects/Websites/myyoga/frontends/mainsite/app/error.vue","statementMap":{"0":{"start":{"line":3,"column":9},"end":{"line":3,"column":null}},"1":{"start":{"line":3,"column":4},"end":{"line":16,"column":20}},"2":{"start":{"line":14,"column":138},"end":{"line":16,"column":20}}},"fnMap":{"0":{"name":"(anonymous_0)","decl":{"start":{"line":14,"column":138},"end":{"line":14,"column":null}},"loc":{"start":{"line":14,"column":138},"end":{"line":16,"column":20}},"line":14}},"branchMap":{"0":{"loc":{"start":{"line":8,"column":6},"end":{"line":8,"column":95}},"type":"binary-expr","locations":[{"start":{"line":8,"column":6},"end":{"line":8,"column":11}},{"start":{"line":8,"column":6},"end":{"line":8,"column":95}}],"line":8},"1":{"loc":{"start":{"line":10,"column":6},"end":{"line":10,"column":null}},"type":"binary-expr","locations":[{"start":{"line":10,"column":6},"end":{"line":10,"column":9}},{"start":{"line":10,"column":6},"end":{"line":10,"column":null}}],"line":10},"2":{"loc":{"start":{"line":14,"column":6},"end":{"line":16,"column":null}},"type":"binary-expr","locations":[{"start":{"line":14,"column":6},"end":{"line":14,"column":25}},{"start":{"line":16,"column":20},"end":{"line":16,"column":null}}],"line":14},"3":{"loc":{"start":{"line":14,"column":138},"end":{"line":16,"column":20}},"type":"binary-expr","locations":[{"start":{"line":14,"column":138},"end":{"line":16,"column":20}},{"start":{"line":16,"column":6},"end":{"line":16,"column":20}}],"line":14}},"s":{"0":1,"1":0,"2":0},"f":{"0":0},"b":{"0":[0,0],"1":[0,0],"2":[0,0],"3":[0,0]},"meta":{"lastBranch":4,"lastFunction":1,"lastStatement":3,"seen":{"s:3:9:3:Infinity":0,"s:3:4:16:20":1,"b:8:6:8:11:8:6:8:95":0,"b:10:6:10:9:10:6:10:Infinity":1,"b:14:6:14:25:16:20:16:Infinity":2,"f:14:138:14:Infinity":0,"s:14:138:16:20":2,"b:14:138:16:20:16:6:16:20":3},"fnNames":{}}}
,"/Volumes/Coding/Projects/Websites/myyoga/frontends/mainsite/app/assets/css/main.css": {"path":"/Volumes/Coding/Projects/Websites/myyoga/frontends/mainsite/app/assets/css/main.css","statementMap":{},"fnMap":{},"branchMap":{},"s":{},"f":{},"b":{},"meta":{"lastBranch":0,"lastFunction":0,"lastStatement":0,"seen":{},"fnNames":{}}}
,"/Volumes/Coding/Projects/Websites/myyoga/frontends/mainsite/app/components/base/Hero.vue": {"path":"/Volumes/Coding/Projects/Websites/myyoga/frontends/mainsite/app/components/base/Hero.vue","statementMap":{"0":{"start":{"line":49,"column":16},"end":{"line":2,"column":14}},"1":{"start":{"line":51,"column":11},"end":{"line":52,"column":14}},"2":{"start":{"line":53,"column":10},"end":{"line":65,"column":null}},"3":{"start":{"line":36,"column":18},"end":{"line":36,"column":39}},"4":{"start":{"line":22,"column":15},"end":{"line":22,"column":82}},"5":{"start":{"line":2,"column":2},"end":{"line":2,"column":11}},"6":{"start":{"line":3,"column":4},"end":{"line":3,"column":9}},"7":{"start":{"line":11,"column":10},"end":{"line":11,"column":null}},"8":{"start":{"line":3,"column":15},"end":{"line":3,"column":92}},"9":{"start":{"line":3,"column":92},"end":{"line":42,"column":73}},"10":{"start":{"line":19,"column":94},"end":{"line":25,"column":62}},"11":{"start":{"line":21,"column":12},"end":{"line":25,"column":62}},"12":{"start":{"line":35,"column":21},"end":{"line":42,"column":null}},"13":{"start":{"line":42,"column":70},"end":{"line":42,"column":73}}},"fnMap":{"0":{"name":"setup","decl":{"start":{"line":50,"column":2},"end":{"line":50,"column":null}},"loc":{"start":{"line":51,"column":11},"end":{"line":36,"column":39}},"line":51},"1":{"name":"(anonymous_1)","decl":{"start":{"line":19,"column":94},"end":{"line":19,"column":100}},"loc":{"start":{"line":19,"column":94},"end":{"line":25,"column":62}},"line":19},"2":{"name":"(anonymous_2)","decl":{"start":{"line":21,"column":12},"end":{"line":21,"column":56}},"loc":{"start":{"line":21,"column":12},"end":{"line":25,"column":62}},"line":21},"3":{"name":"(anonymous_3)","decl":{"start":{"line":35,"column":21},"end":{"line":35,"column":84}},"loc":{"start":{"line":35,"column":21},"end":{"line":42,"column":null}},"line":35},"4":{"name":"(anonymous_4)","decl":{"start":{"line":42,"column":70},"end":{"line":42,"column":73}},"loc":{"start":{"line":42,"column":70},"end":{"line":42,"column":73}},"line":42}},"branchMap":{"0":{"loc":{"start":{"line":3,"column":92},"end":{"line":15,"column":15}},"type":"binary-expr","locations":[{"start":{"line":3,"column":92},"end":{"line":4,"column":16}},{"start":{"line":4,"column":6},"end":{"line":15,"column":15}}],"line":3},"1":{"loc":{"start":{"line":15,"column":53},"end":{"line":19,"column":27}},"type":"binary-expr","locations":[{"start":{"line":15,"column":53},"end":{"line":15,"column":92}},{"start":{"line":15,"column":88},"end":{"line":19,"column":27}}],"line":15},"2":{"loc":{"start":{"line":35,"column":21},"end":{"line":42,"column":null}},"type":"binary-expr","locations":[{"start":{"line":35,"column":21},"end":{"line":35,"column":84}},{"start":{"line":35,"column":21},"end":{"line":42,"column":null}}],"line":35},"3":{"loc":{"start":{"line":42,"column":70},"end":{"line":42,"column":73}},"type":"binary-expr","locations":[{"start":{"line":42,"column":70},"end":{"line":42,"column":73}},{"start":{"line":42,"column":70},"end":{"line":42,"column":73}}],"line":42}},"s":{"0":1,"1":3,"2":3,"3":3,"4":1,"5":3,"6":3,"7":3,"8":3,"9":3,"10":9,"11":9,"12":3,"13":3},"f":{"0":3,"1":9,"2":9,"3":3,"4":3},"b":{"0":[3,3],"1":[3,3],"2":[3,3],"3":[3,3]},"meta":{"lastBranch":4,"lastFunction":5,"lastStatement":14,"seen":{"s:49:16:2:14":0,"f:50:2:50:Infinity":0,"s:51:11:52:14":1,"s:53:10:65:Infinity":2,"s:36:18:36:39":3,"s:22:15:22:82":4,"s:2:2:2:11":5,"s:3:4:3:9":6,"s:11:10:11:Infinity":7,"s:3:15:3:92":8,"s:3:92:42:73":9,"b:3:92:4:16:4:6:15:15":0,"b:15:53:15:92:15:88:19:27":1,"f:19:94:19:100":1,"s:19:94:25:62":10,"f:21:12:21:56":2,"s:21:12:25:62":11,"f:35:21:35:84":3,"s:35:21:42:Infinity":12,"b:35:21:35:84:35:21:42:Infinity":2,"f:42:70:42:73":4,"s:42:70:42:73":13,"b:42:70:42:73:42:70:42:73":3},"fnNames":{}}}
,"/Volumes/Coding/Projects/Websites/myyoga/frontends/mainsite/app/components/base/IconCircle.vue": {"path":"/Volumes/Coding/Projects/Websites/myyoga/frontends/mainsite/app/components/base/IconCircle.vue","statementMap":{"0":{"start":{"line":2,"column":2},"end":{"line":3,"column":null}}},"fnMap":{},"branchMap":{},"s":{"0":9},"f":{},"b":{},"meta":{"lastBranch":0,"lastFunction":0,"lastStatement":1,"seen":{"s:2:2:3:Infinity":0},"fnNames":{}}}
,"/Volumes/Coding/Projects/Websites/myyoga/frontends/mainsite/app/pages/booking.vue": {"path":"/Volumes/Coding/Projects/Websites/myyoga/frontends/mainsite/app/pages/booking.vue","statementMap":{},"fnMap":{},"branchMap":{},"s":{},"f":{},"b":{},"meta":{"lastBranch":0,"lastFunction":0,"lastStatement":0,"seen":{},"fnNames":{}}}
,"/Volumes/Coding/Projects/Websites/myyoga/frontends/mainsite/app/pages/gallery.vue": {"path":"/Volumes/Coding/Projects/Websites/myyoga/frontends/mainsite/app/pages/gallery.vue","statementMap":{},"fnMap":{},"branchMap":{},"s":{},"f":{},"b":{},"meta":{"lastBranch":0,"lastFunction":0,"lastStatement":0,"seen":{},"fnNames":{}}}
,"/Volumes/Coding/Projects/Websites/myyoga/frontends/mainsite/app/pages/index.vue": {"path":"/Volumes/Coding/Projects/Websites/myyoga/frontends/mainsite/app/pages/index.vue","statementMap":{"0":{"start":{"line":138,"column":1},"end":{"line":2,"column":null}},"1":{"start":{"line":2,"column":7},"end":{"line":2,"column":17}},"2":{"start":{"line":2,"column":17},"end":{"line":2,"column":29}},"3":{"start":{"line":7,"column":16},"end":{"line":8,"column":null}},"4":{"start":{"line":36,"column":11},"end":{"line":36,"column":null}},"5":{"start":{"line":37,"column":13},"end":{"line":37,"column":null}},"6":{"start":{"line":65,"column":37},"end":{"line":65,"column":null}},"7":{"start":{"line":66,"column":11},"end":{"line":66,"column":null}},"8":{"start":{"line":67,"column":13},"end":{"line":67,"column":null}},"9":{"start":{"line":94,"column":11},"end":{"line":94,"column":null}},"10":{"start":{"line":2,"column":2},"end":{"line":2,"column":7}},"11":{"start":{"line":3,"column":4},"end":{"line":3,"column":null}},"12":{"start":{"line":4,"column":17},"end":{"line":4,"column":null}},"13":{"start":{"line":6,"column":4},"end":{"line":6,"column":null}},"14":{"start":{"line":26,"column":14},"end":{"line":26,"column":null}},"15":{"start":{"line":25,"column":12},"end":{"line":25,"column":null}},"16":{"start":{"line":25,"column":12},"end":{"line":114,"column":null}},"17":{"start":{"line":13,"column":76},"end":{"line":18,"column":null}},"18":{"start":{"line":15,"column":12},"end":{"line":15,"column":21}},"19":{"start":{"line":23,"column":10},"end":{"line":23,"column":24}},"20":{"start":{"line":59,"column":6},"end":{"line":61,"column":null}},"21":{"start":{"line":69,"column":77},"end":{"line":78,"column":null}},"22":{"start":{"line":71,"column":12},"end":{"line":71,"column":21}},"23":{"start":{"line":83,"column":10},"end":{"line":88,"column":null}},"24":{"start":{"line":87,"column":97},"end":{"line":92,"column":null}},"25":{"start":{"line":97,"column":8},"end":{"line":99,"column":28}},"26":{"start":{"line":110,"column":8},"end":{"line":114,"column":null}}},"fnMap":{"0":{"name":"(anonymous_0)","decl":{"start":{"line":13,"column":76},"end":{"line":13,"column":103}},"loc":{"start":{"line":13,"column":76},"end":{"line":18,"column":null}},"line":13},"1":{"name":"(anonymous_1)","decl":{"start":{"line":15,"column":12},"end":{"line":15,"column":21}},"loc":{"start":{"line":15,"column":12},"end":{"line":15,"column":21}},"line":15},"2":{"name":"(anonymous_2)","decl":{"start":{"line":23,"column":10},"end":{"line":23,"column":24}},"loc":{"start":{"line":23,"column":10},"end":{"line":23,"column":24}},"line":23},"3":{"name":"(anonymous_3)","decl":{"start":{"line":59,"column":6},"end":{"line":59,"column":20}},"loc":{"start":{"line":59,"column":6},"end":{"line":61,"column":null}},"line":59},"4":{"name":"(anonymous_4)","decl":{"start":{"line":69,"column":77},"end":{"line":69,"column":103}},"loc":{"start":{"line":69,"column":77},"end":{"line":78,"column":null}},"line":69},"5":{"name":"(anonymous_5)","decl":{"start":{"line":71,"column":12},"end":{"line":71,"column":21}},"loc":{"start":{"line":71,"column":12},"end":{"line":71,"column":21}},"line":71},"6":{"name":"(anonymous_6)","decl":{"start":{"line":83,"column":10},"end":{"line":83,"column":24}},"loc":{"start":{"line":83,"column":10},"end":{"line":88,"column":null}},"line":83},"7":{"name":"(anonymous_7)","decl":{"start":{"line":87,"column":97},"end":{"line":87,"column":129}},"loc":{"start":{"line":87,"column":97},"end":{"line":92,"column":null}},"line":87},"8":{"name":"(anonymous_8)","decl":{"start":{"line":97,"column":8},"end":{"line":97,"column":17}},"loc":{"start":{"line":97,"column":8},"end":{"line":99,"column":28}},"line":97},"9":{"name":"(anonymous_9)","decl":{"start":{"line":110,"column":8},"end":{"line":110,"column":22}},"loc":{"start":{"line":110,"column":8},"end":{"line":114,"column":null}},"line":110}},"branchMap":{"0":{"loc":{"start":{"line":15,"column":12},"end":{"line":15,"column":21}},"type":"binary-expr","locations":[{"start":{"line":15,"column":12},"end":{"line":15,"column":21}},{"start":{"line":15,"column":12},"end":{"line":15,"column":21}}],"line":15},"1":{"loc":{"start":{"line":18,"column":227},"end":{"line":20,"column":77}},"type":"binary-expr","locations":[{"start":{"line":18,"column":227},"end":{"line":18,"column":231}},{"start":{"line":18,"column":227},"end":{"line":20,"column":77}}],"line":18},"2":{"loc":{"start":{"line":32,"column":6},"end":{"line":34,"column":153}},"type":"binary-expr","locations":[{"start":{"line":32,"column":6},"end":{"line":32,"column":11}},{"start":{"line":32,"column":6},"end":{"line":34,"column":153}}],"line":32},"3":{"loc":{"start":{"line":34,"column":149},"end":{"line":38,"column":93}},"type":"binary-expr","locations":[{"start":{"line":34,"column":149},"end":{"line":34,"column":153}},{"start":{"line":34,"column":149},"end":{"line":38,"column":93}}],"line":34},"4":{"loc":{"start":{"line":39,"column":61},"end":{"line":40,"column":154}},"type":"binary-expr","locations":[{"start":{"line":39,"column":61},"end":{"line":39,"column":66}},{"start":{"line":39,"column":61},"end":{"line":40,"column":154}}],"line":39},"5":{"loc":{"start":{"line":40,"column":150},"end":{"line":44,"column":93}},"type":"binary-expr","locations":[{"start":{"line":40,"column":150},"end":{"line":40,"column":154}},{"start":{"line":40,"column":150},"end":{"line":44,"column":93}}],"line":40},"6":{"loc":{"start":{"line":45,"column":60},"end":{"line":46,"column":155}},"type":"binary-expr","locations":[{"start":{"line":45,"column":60},"end":{"line":45,"column":65}},{"start":{"line":45,"column":60},"end":{"line":46,"column":155}}],"line":45},"7":{"loc":{"start":{"line":46,"column":151},"end":{"line":50,"column":93}},"type":"binary-expr","locations":[{"start":{"line":46,"column":151},"end":{"line":46,"column":155}},{"start":{"line":46,"column":151},"end":{"line":50,"column":93}}],"line":46},"8":{"loc":{"start":{"line":51,"column":66},"end":{"line":52,"column":149}},"type":"binary-expr","locations":[{"start":{"line":51,"column":66},"end":{"line":51,"column":71}},{"start":{"line":51,"column":66},"end":{"line":52,"column":149}}],"line":51},"9":{"loc":{"start":{"line":52,"column":145},"end":{"line":56,"column":55}},"type":"binary-expr","locations":[{"start":{"line":52,"column":145},"end":{"line":52,"column":149}},{"start":{"line":52,"column":145},"end":{"line":56,"column":55}}],"line":52},"10":{"loc":{"start":{"line":61,"column":48},"end":{"line":84,"column":null}},"type":"binary-expr","locations":[{"start":{"line":61,"column":48},"end":{"line":61,"column":49}},{"start":{"line":61,"column":48},"end":{"line":84,"column":null}}],"line":61},"11":{"loc":{"start":{"line":71,"column":12},"end":{"line":71,"column":21}},"type":"binary-expr","locations":[{"start":{"line":71,"column":12},"end":{"line":71,"column":21}},{"start":{"line":71,"column":12},"end":{"line":71,"column":21}}],"line":71},"12":{"loc":{"start":{"line":76,"column":239},"end":{"line":80,"column":null}},"type":"binary-expr","locations":[{"start":{"line":76,"column":239},"end":{"line":77,"column":21}},{"start":{"line":77,"column":12},"end":{"line":80,"column":null}}],"line":76},"13":{"loc":{"start":{"line":97,"column":8},"end":{"line":105,"column":null}},"type":"binary-expr","locations":[{"start":{"line":97,"column":8},"end":{"line":97,"column":17}},{"start":{"line":97,"column":8},"end":{"line":105,"column":null}}],"line":97},"14":{"loc":{"start":{"line":105,"column":8},"end":{"line":107,"column":null}},"type":"binary-expr","locations":[{"start":{"line":105,"column":8},"end":{"line":105,"column":12}},{"start":{"line":105,"column":8},"end":{"line":107,"column":null}}],"line":105}},"s":{"0":1,"1":3,"2":3,"3":1,"4":1,"5":1,"6":1,"7":1,"8":1,"9":1,"10":3,"11":3,"12":3,"13":3,"14":3,"15":3,"16":3,"17":3,"18":3,"19":3,"20":3,"21":3,"22":3,"23":3,"24":3,"25":3,"26":3},"f":{"0":3,"1":3,"2":3,"3":3,"4":3,"5":3,"6":3,"7":3,"8":3,"9":3},"b":{"0":[3,3],"1":[3,3],"2":[3,3],"3":[3,3],"4":[3,3],"5":[3,3],"6":[3,3],"7":[3,3],"8":[3,3],"9":[3,3],"10":[3,3],"11":[3,3],"12":[3,3],"13":[3,3],"14":[3,3]},"meta":{"lastBranch":0,"lastFunction":0,"lastStatement":0,"seen":{},"fnNames":{}}}
,"/Volumes/Coding/Projects/Websites/myyoga/frontends/mainsite/app/pages/what-is-yoga.vue": {"path":"/Volumes/Coding/Projects/Websites/myyoga/frontends/mainsite/app/pages/what-is-yoga.vue","statementMap":{},"fnMap":{},"branchMap":{},"s":{},"f":{},"b":{},"meta":{"lastBranch":0,"lastFunction":0,"lastStatement":0,"seen":{},"fnNames":{}}}
,"/Volumes/Coding/Projects/Websites/myyoga/frontends/mainsite/app/pages/research/[id].vue": {"path":"/Volumes/Coding/Projects/Websites/myyoga/frontends/mainsite/app/pages/research/[id].vue","statementMap":{},"fnMap":{},"branchMap":{},"s":{},"f":{},"b":{},"meta":{"lastBranch":0,"lastFunction":0,"lastStatement":0,"seen":{},"fnNames":{}}}
,"/Volumes/Coding/Projects/Websites/myyoga/frontends/mainsite/i18n/i18n.config.ts": {"path":"/Volumes/Coding/Projects/Websites/myyoga/frontends/mainsite/i18n/i18n.config.ts","statementMap":{"0":{"start":{"line":1,"column":22},"end":{"line":41,"column":null}}},"fnMap":{"0":{"name":"(anonymous_0)","decl":{"start":{"line":1,"column":15},"end":{"line":1,"column":22}},"loc":{"start":{"line":1,"column":22},"end":{"line":41,"column":null}},"line":1}},"branchMap":{},"s":{"0":1},"f":{"0":1},"b":{},"meta":{"lastBranch":0,"lastFunction":1,"lastStatement":1,"seen":{"f:1:15:1:22":0,"s:1:22:41:Infinity":0},"fnNames":{}}}
}
